Not searching for unused variables given on the command line.
[36m--[0m Using CATKIN_DEVEL_PREFIX: /home/parallels/kthfsdv/devel/.private/broadcaster
[36m--[0m Using CMAKE_PREFIX_PATH: /home/parallels/kthfsdv/devel;/home/parallels/catkin_ws/devel;/opt/ros/melodic
[36m--[0m This workspace overlays: /home/parallels/kthfsdv/devel;/home/parallels/catkin_ws/devel;/opt/ros/melodic
[36m--[0m Found PythonInterp: /usr/bin/python2 (found suitable version "2.7.17", minimum required is "2")
[36m--[0m Using PYTHON_EXECUTABLE: /usr/bin/python2
[36m--[0m Using Debian Python package layout
[36m--[0m Using empy: /usr/bin/empy
[36m--[0m Using CATKIN_ENABLE_TESTING: ON
[36m--[0m Call enable_testing()
[36m--[0m Using CATKIN_TEST_RESULTS_DIR: /home/parallels/kthfsdv/build/broadcaster/test_results
[36m--[0m Found gtest sources under '/usr/src/googletest': gtests will be built
[36m--[0m Found gmock sources under '/usr/src/googletest': gmock will be built
[36m--[0m Found PythonInterp: /usr/bin/python2 (found version "2.7.17")
[36m--[0m Using Python nosetests: /usr/bin/nosetests-2.7
[36m--[0m catkin 0.7.28
[36m--[0m BUILD_SHARED_LIBS is on
[31m[1mCMake Error[0m at /opt/ros/melodic/share/catkin/cmake/catkin_install_python.cmake:68 (message):
  catkin_install_python() called with non-existing file
  '/home/parallels/kthfsdv/src/exc1/broadcaster/scripts/Talker.py'.
[36mCall Stack (most recent call first):[0m
  CMakeLists.txt:162 (catkin_install_python)


[36m--[0m Configuring incomplete, errors occurred!
See also "/home/parallels/kthfsdv/build/broadcaster/CMakeFiles/CMakeOutput.log".
See also "/home/parallels/kthfsdv/build/broadcaster/CMakeFiles/CMakeError.log".
